Changelog v3.0.1

created works.html, school.html, discord.html
added new lines at style.css
updated maintenance.html

--style.css--
icon size configuration at lines 45 - 49 & lines 55 - 59
icon changes on mouse hover at lines 51 - 53 & lines 61 - 63

45 .folder {
46    height: 23px;
47    width: 25px;
48    position: relative;float: left;
49 }
50
51 a:hover .folder {
52    content: url(../ico/folderopen.svg);
53 }
54
55 .root {
56    height: 23px;
57    width: 25px;
58    position: relative;float: left;
59 }
60
61 a:hover .root {
62    content: url(../ico/rootopen.svg);
63}

